Performing C SOURCE FILE Test CMAKE_HAVE_LIBC_PTHREAD failed with the following output:
Change Dir: /home/caros/planning/build_x86_64/CMakeFiles/CMakeTmp

Run Build Command(s):/usr/bin/make cmTC_dc6c9/fast && /usr/bin/make  -f CMakeFiles/cmTC_dc6c9.dir/build.make CMakeFiles/cmTC_dc6c9.dir/build
make[1]: Entering directory '/home/caros/planning/build_x86_64/CMakeFiles/CMakeTmp'
Building C object CMakeFiles/cmTC_dc6c9.dir/src.c.o
/usr/bin/cc   -w -O2 -DCMAKE_HAVE_LIBC_PTHREAD   -o CMakeFiles/cmTC_dc6c9.dir/src.c.o   -c /home/caros/planning/build_x86_64/CMakeFiles/CMakeTmp/src.c
Linking C executable cmTC_dc6c9
/usr/local/bin/cmake -E cmake_link_script CMakeFiles/cmTC_dc6c9.dir/link.txt --verbose=1
/usr/bin/cc  -w -O2 -DCMAKE_HAVE_LIBC_PTHREAD    CMakeFiles/cmTC_dc6c9.dir/src.c.o  -o cmTC_dc6c9 
CMakeFiles/cmTC_dc6c9.dir/src.c.o: In function `main':
src.c:(.text.startup+0x23): undefined reference to `pthread_create'
src.c:(.text.startup+0x2c): undefined reference to `pthread_detach'
src.c:(.text.startup+0x37): undefined reference to `pthread_join'
src.c:(.text.startup+0x42): undefined reference to `pthread_atfork'
collect2: error: ld returned 1 exit status
CMakeFiles/cmTC_dc6c9.dir/build.make:89: recipe for target 'cmTC_dc6c9' failed
make[1]: *** [cmTC_dc6c9] Error 1
make[1]: Leaving directory '/home/caros/planning/build_x86_64/CMakeFiles/CMakeTmp'
Makefile:124: recipe for target 'cmTC_dc6c9/fast' failed
make: *** [cmTC_dc6c9/fast] Error 2


Source file was:
#include <pthread.h>

void* test_func(void* data)
{
  return data;
}

int main(void)
{
  pthread_t thread;
  pthread_create(&thread, NULL, test_func, NULL);
  pthread_detach(thread);
  pthread_join(thread, NULL);
  pthread_atfork(NULL, NULL, NULL);
  pthread_exit(NULL);

  return 0;
}

Determining if the function pthread_create exists in the pthreads failed with the following output:
Change Dir: /home/caros/planning/build_x86_64/CMakeFiles/CMakeTmp

Run Build Command(s):/usr/bin/make cmTC_66480/fast && /usr/bin/make  -f CMakeFiles/cmTC_66480.dir/build.make CMakeFiles/cmTC_66480.dir/build
make[1]: Entering directory '/home/caros/planning/build_x86_64/CMakeFiles/CMakeTmp'
Building C object CMakeFiles/cmTC_66480.dir/CheckFunctionExists.c.o
/usr/bin/cc   -w -O2 -DCHECK_FUNCTION_EXISTS=pthread_create   -o CMakeFiles/cmTC_66480.dir/CheckFunctionExists.c.o   -c /usr/local/share/cmake-3.16/Modules/CheckFunctionExists.c
Linking C executable cmTC_66480
/usr/local/bin/cmake -E cmake_link_script CMakeFiles/cmTC_66480.dir/link.txt --verbose=1
/usr/bin/cc  -w -O2 -DCHECK_FUNCTION_EXISTS=pthread_create    CMakeFiles/cmTC_66480.dir/CheckFunctionExists.c.o  -o cmTC_66480  -lpthreads 
/usr/bin/ld: cannot find -lpthreads
collect2: error: ld returned 1 exit status
CMakeFiles/cmTC_66480.dir/build.make:89: recipe for target 'cmTC_66480' failed
make[1]: *** [cmTC_66480] Error 1
make[1]: Leaving directory '/home/caros/planning/build_x86_64/CMakeFiles/CMakeTmp'
Makefile:124: recipe for target 'cmTC_66480/fast' failed
make: *** [cmTC_66480/fast] Error 2



